android/build/intermediates/manifest_merge_blame_file/debug/manifest-merger-blame-debug-report.txt
1<?xml version="1.0" encoding="utf-8"?>
2<manifest xmlns:android="http://schemas.android.com/apk/res/android"
3    package="com.fidget.game"
4    android:versionCode="14"
5    android:versionName="1.4" >
6
7    <uses-sdk
7-->phidgetSpinner\android\AndroidManifest.xml:7:5-74
8        android:minSdkVersion="16"
8-->phidgetSpinner\android\AndroidManifest.xml:7:15-41
9        android:targetSdkVersion="25" />
9-->phidgetSpinner\android\AndroidManifest.xml:7:42-71
10
11    <uses-permission android:name="android.permission.VIBRATE" />
11-->phidgetSpinner\android\AndroidManifest.xml:9:5-65
11-->phidgetSpinner\android\AndroidManifest.xml:9:22-63
12    <uses-permission android:name="android.permission.INTERNET" />
12-->phidgetSpinner\android\AndroidManifest.xml:10:5-66
12-->phidgetSpinner\android\AndroidManifest.xml:10:22-64
13    <uses-permission android:name="android.permission.ACCESS_NETWORK_STATE" />
13-->phidgetSpinner\android\AndroidManifest.xml:11:5-78
13-->phidgetSpinner\android\AndroidManifest.xml:11:22-76
14    <uses-permission android:name="android.permission.WAKE_LOCK" />
14-->[com.google.firebase:firebase-analytics:11.0.2] AndroidManifest.xml:22:5-67
14-->[com.google.firebase:firebase-analytics:11.0.2] AndroidManifest.xml:22:22-65
15    <uses-permission android:name="com.google.android.c2dm.permission.RECEIVE" />
15-->[com.google.firebase:firebase-iid:11.0.2] AndroidManifest.xml:22:5-81
15-->[com.google.firebase:firebase-iid:11.0.2] AndroidManifest.xml:22:22-79
16
17    <permission
17-->[com.google.firebase:firebase-iid:11.0.2] AndroidManifest.xml:24:5-109
18        android:name="com.fidget.game.permission.C2D_MESSAGE"
18-->[com.google.firebase:firebase-iid:11.0.2] AndroidManifest.xml:24:17-71
19        android:protectionLevel="signature" />
19-->[com.google.firebase:firebase-iid:11.0.2] AndroidManifest.xml:24:72-107
20
21    <uses-permission android:name="com.fidget.game.permission.C2D_MESSAGE" />
21-->[com.google.firebase:firebase-iid:11.0.2] AndroidManifest.xml:26:5-78
21-->[com.google.firebase:firebase-iid:11.0.2] AndroidManifest.xml:26:22-76
22
23    <application
23-->phidgetSpinner\android\AndroidManifest.xml:13:5-28:19
24        android:allowBackup="true"
24-->phidgetSpinner\android\AndroidManifest.xml:14:9-35
25        android:debuggable="true"
26        android:icon="@drawable/ic_launcher"
26-->phidgetSpinner\android\AndroidManifest.xml:15:9-45
27        android:label="@string/app_name"
27-->phidgetSpinner\android\AndroidManifest.xml:16:9-41
28        android:testOnly="true"
29        android:theme="@style/GdxTheme" >
29-->phidgetSpinner\android\AndroidManifest.xml:17:9-40
30        <activity
30-->phidgetSpinner\android\AndroidManifest.xml:18:9-27:20
31            android:name="com.fidget.game.AndroidLauncher"
31-->phidgetSpinner\android\AndroidManifest.xml:19:13-59
32            android:configChanges="keyboard|keyboardHidden|orientation|screenSize"
32-->phidgetSpinner\android\AndroidManifest.xml:22:13-83
33            android:label="@string/app_name"
33-->phidgetSpinner\android\AndroidManifest.xml:20:13-45
34            android:screenOrientation="portrait" >
34-->phidgetSpinner\android\AndroidManifest.xml:21:13-49
35            <intent-filter>
35-->phidgetSpinner\android\AndroidManifest.xml:23:13-26:29
36                <action android:name="android.intent.action.MAIN" />
36-->phidgetSpinner\android\AndroidManifest.xml:24:17-69
36-->phidgetSpinner\android\AndroidManifest.xml:24:25-66
37
38                <category android:name="android.intent.category.LAUNCHER" />
38-->phidgetSpinner\android\AndroidManifest.xml:25:17-77
38-->phidgetSpinner\android\AndroidManifest.xml:25:27-74
39            </intent-filter>
40        </activity>
41
42        <receiver
42-->[com.google.firebase:firebase-analytics:11.0.2] AndroidManifest.xml:25:7-26:18
43            android:name="com.google.android.gms.measurement.AppMeasurementReceiver"
43-->[com.google.firebase:firebase-analytics:11.0.2] AndroidManifest.xml:25:17-89
44            android:enabled="true"
44-->[com.google.firebase:firebase-analytics:11.0.2] AndroidManifest.xml:25:90-112
45            android:exported="false" >
45-->[com.google.firebase:firebase-analytics:11.0.2] AndroidManifest.xml:25:113-137
46        </receiver>
47        <receiver
47-->[com.google.firebase:firebase-analytics:11.0.2] AndroidManifest.xml:27:7-31:18
48            android:name="com.google.android.gms.measurement.AppMeasurementInstallReferrerReceiver"
48-->[com.google.firebase:firebase-analytics:11.0.2] AndroidManifest.xml:27:17-104
49            android:enabled="true"
49-->[com.google.firebase:firebase-analytics:11.0.2] AndroidManifest.xml:27:162-184
50            android:exported="true"
50-->[com.google.firebase:firebase-analytics:11.0.2] AndroidManifest.xml:27:185-208
51            android:permission="android.permission.INSTALL_PACKAGES" >
51-->[com.google.firebase:firebase-analytics:11.0.2] AndroidManifest.xml:27:105-161
52            <intent-filter>
52-->[com.google.firebase:firebase-analytics:11.0.2] AndroidManifest.xml:28:11-30:27
53                <action android:name="com.android.vending.INSTALL_REFERRER" />
53-->[com.google.firebase:firebase-analytics:11.0.2] AndroidManifest.xml:29:15-76
53-->[com.google.firebase:firebase-analytics:11.0.2] AndroidManifest.xml:29:23-74
54            </intent-filter>
55        </receiver>
56
57        <service
57-->[com.google.firebase:firebase-analytics:11.0.2] AndroidManifest.xml:32:7-137
58            android:name="com.google.android.gms.measurement.AppMeasurementService"
58-->[com.google.firebase:firebase-analytics:11.0.2] AndroidManifest.xml:32:16-87
59            android:enabled="true"
59-->[com.google.firebase:firebase-analytics:11.0.2] AndroidManifest.xml:32:88-110
60            android:exported="false" />
60-->[com.google.firebase:firebase-analytics:11.0.2] AndroidManifest.xml:32:111-135
61        <service
61-->[com.google.firebase:firebase-analytics:11.0.2] AndroidManifest.xml:33:7-197
62            android:name="com.google.android.gms.measurement.AppMeasurementJobService"
62-->[com.google.firebase:firebase-analytics:11.0.2] AndroidManifest.xml:33:16-90
63            android:enabled="true"
63-->[com.google.firebase:firebase-analytics:11.0.2] AndroidManifest.xml:33:148-170
64            android:exported="false"
64-->[com.google.firebase:firebase-analytics:11.0.2] AndroidManifest.xml:33:171-195
65            android:permission="android.permission.BIND_JOB_SERVICE" /> <!-- Include the AdActivity and InAppPurchaseActivity configChanges and themes. -->
65-->[com.google.firebase:firebase-analytics:11.0.2] AndroidManifest.xml:33:91-147
66        <activity
66-->[com.google.android.gms:play-services-ads-lite:11.0.2] AndroidManifest.xml:25:9-232
67            android:name="com.google.android.gms.ads.AdActivity"
67-->[com.google.android.gms:play-services-ads-lite:11.0.2] AndroidManifest.xml:25:19-71
68            android:configChanges="keyboard|keyboardHidden|orientation|screenLayout|uiMode|screenSize|smallestScreenSize"
68-->[com.google.android.gms:play-services-ads-lite:11.0.2] AndroidManifest.xml:25:72-181
69            android:theme="@android:style/Theme.Translucent" />
69-->[com.google.android.gms:play-services-ads-lite:11.0.2] AndroidManifest.xml:25:182-230
70        <activity
70-->[com.google.android.gms:play-services-base:11.0.2] AndroidManifest.xml:19:9-172
71            android:name="com.google.android.gms.common.api.GoogleApiActivity"
71-->[com.google.android.gms:play-services-base:11.0.2] AndroidManifest.xml:19:19-85
72            android:exported="false"
72-->[com.google.android.gms:play-services-base:11.0.2] AndroidManifest.xml:19:146-170
73            android:theme="@android:style/Theme.Translucent.NoTitleBar" />
73-->[com.google.android.gms:play-services-base:11.0.2] AndroidManifest.xml:19:86-145
74
75        <receiver
75-->[com.google.firebase:firebase-iid:11.0.2] AndroidManifest.xml:30:9-35:20
76            android:name="com.google.firebase.iid.FirebaseInstanceIdReceiver"
76-->[com.google.firebase:firebase-iid:11.0.2] AndroidManifest.xml:30:19-84
77            android:exported="true"
77-->[com.google.firebase:firebase-iid:11.0.2] AndroidManifest.xml:30:85-108
78            android:permission="com.google.android.c2dm.permission.SEND" >
78-->[com.google.firebase:firebase-iid:11.0.2] AndroidManifest.xml:30:109-169
79            <intent-filter>
79-->[com.google.firebase:firebase-iid:11.0.2] AndroidManifest.xml:31:13-34:29
80                <action android:name="com.google.android.c2dm.intent.RECEIVE" />
80-->[com.google.firebase:firebase-iid:11.0.2] AndroidManifest.xml:32:17-80
80-->[com.google.firebase:firebase-iid:11.0.2] AndroidManifest.xml:32:25-78
81
82                <category android:name="com.fidget.game" />
82-->[com.google.firebase:firebase-iid:11.0.2] AndroidManifest.xml:33:17-60
82-->[com.google.firebase:firebase-iid:11.0.2] AndroidManifest.xml:33:27-58
83            </intent-filter>
84        </receiver>
85        <!--
86 Internal (not exported) receiver used by the app to start its own exported services
87             without risk of being spoofed.
88        -->
89        <receiver
89-->[com.google.firebase:firebase-iid:11.0.2] AndroidManifest.xml:39:9-119
90            android:name="com.google.firebase.iid.FirebaseInstanceIdInternalReceiver"
90-->[com.google.firebase:firebase-iid:11.0.2] AndroidManifest.xml:39:19-92
91            android:exported="false" />
91-->[com.google.firebase:firebase-iid:11.0.2] AndroidManifest.xml:39:93-117
92        <!--
93 FirebaseInstanceIdService performs security checks at runtime,
94             no need for explicit permissions despite exported="true"
95        -->
96        <service
96-->[com.google.firebase:firebase-iid:11.0.2] AndroidManifest.xml:43:9-47:19
97            android:name="com.google.firebase.iid.FirebaseInstanceIdService"
97-->[com.google.firebase:firebase-iid:11.0.2] AndroidManifest.xml:43:18-82
98            android:exported="true" >
98-->[com.google.firebase:firebase-iid:11.0.2] AndroidManifest.xml:43:83-106
99            <intent-filter android:priority="-500" >
99-->[com.google.firebase:firebase-iid:11.0.2] AndroidManifest.xml:44:13-46:29
99-->[com.google.firebase:firebase-iid:11.0.2] AndroidManifest.xml:44:28-51
100                <action android:name="com.google.firebase.INSTANCE_ID_EVENT" />
100-->[com.google.firebase:firebase-iid:11.0.2] AndroidManifest.xml:45:17-79
100-->[com.google.firebase:firebase-iid:11.0.2] AndroidManifest.xml:45:25-77
101            </intent-filter>
102        </service>
103
104        <provider
104-->[com.google.firebase:firebase-common:11.0.2] AndroidManifest.xml:6:9-194
105            android:name="com.google.firebase.provider.FirebaseInitProvider"
105-->[com.google.firebase:firebase-common:11.0.2] AndroidManifest.xml:6:79-143
106            android:authorities="com.fidget.game.firebaseinitprovider"
106-->[com.google.firebase:firebase-common:11.0.2] AndroidManifest.xml:6:19-78
107            android:exported="false"
107-->[com.google.firebase:firebase-common:11.0.2] AndroidManifest.xml:6:144-168
108            android:initOrder="100" />
108-->[com.google.firebase:firebase-common:11.0.2] AndroidManifest.xml:6:169-192
109
110        <meta-data
110-->[com.google.android.gms:play-services-basement:11.0.2] AndroidManifest.xml:20:9-121
111            android:name="com.google.android.gms.version"
111-->[com.google.android.gms:play-services-basement:11.0.2] AndroidManifest.xml:20:20-65
112            android:value="@integer/google_play_services_version" />
112-->[com.google.android.gms:play-services-basement:11.0.2] AndroidManifest.xml:20:66-119
113    </application>
114
115</manifest>